<?xml version="1.0" encoding="UTF-8"?>
<!-- Generated by org.testng.reporters.JUnitReportReporter -->
<testsuite hostname="c102.narola.local" failures="0" tests="2" name="Mavenproj.IndigoAutomation.LogoutTestcases" time="216.283" errors="0" timestamp="2022-08-23T15:39:40 IST" skipped="0">
  <testcase classname="Mavenproj.IndigoAutomation.LogoutTestcases" name="Trytologout" time="73.301"/>
  <system-out/>
  <testcase classname="Mavenproj.IndigoAutomation.LogoutTestcases" name="LogoutfromApp" time="142.982"/>
  <system-out/>
</testsuite> <!-- Mavenproj.IndigoAutomation.LogoutTestcases -->
