<?xml version="1.0" encoding="UTF-8"?>
<!-- Generated by org.testng.reporters.JUnitReportReporter -->
<testsuite hostname="c102.narola.local" failures="0" tests="1" name="Mavenproj.IndigoAutomation.Login_Demo" time="20.289" errors="0" timestamp="2022-08-09T10:10:18 IST" skipped="0">
  <testcase classname="Mavenproj.IndigoAutomation.Login_Demo" name="logintest" time="20.289"/>
  <system-out/>
</testsuite> <!-- Mavenproj.IndigoAutomation.Login_Demo -->
