<?xml version="1.0" encoding="UTF-8"?>
<!-- Generated by org.testng.reporters.JUnitReportReporter -->
<testsuite hostname="c102.narola.local" failures="0" tests="3" name="Mavenproj.IndigoAutomation.ForgotPasswordTestcases" time="113.235" errors="0" timestamp="2022-08-23T17:43:12 IST" skipped="0">
  <testcase classname="Mavenproj.IndigoAutomation.ForgotPasswordTestcases" name="Trytogetresetpassword" time="29.772"/>
  <system-out/>
  <testcase classname="Mavenproj.IndigoAutomation.ForgotPasswordTestcases" name="recoverwithinvaliduser" time="39.079"/>
  <system-out/>
  <testcase classname="Mavenproj.IndigoAutomation.ForgotPasswordTestcases" name="recoverwithvaliduser" time="44.384"/>
  <system-out/>
</testsuite> <!-- Mavenproj.IndigoAutomation.ForgotPasswordTestcases -->
