<?xml version="1.0" encoding="UTF-8"?>
<!-- Generated by org.testng.reporters.JUnitReportReporter -->
<testsuite hostname="c102.narola.local" failures="0" tests="3" name="Mavenproj.IndigoAutomation.ForgotPasswordTestcases" time="129.929" errors="0" timestamp="2022-08-24T16:05:50 IST" skipped="0">
  <testcase classname="Mavenproj.IndigoAutomation.ForgotPasswordTestcases" name="Trytogetresetpassword" time="44.233"/>
  <system-out/>
  <testcase classname="Mavenproj.IndigoAutomation.ForgotPasswordTestcases" name="recoverwithinvaliduser" time="40.079"/>
  <system-out/>
  <testcase classname="Mavenproj.IndigoAutomation.ForgotPasswordTestcases" name="recoverwithvaliduser" time="45.617"/>
  <system-out/>
</testsuite> <!-- Mavenproj.IndigoAutomation.ForgotPasswordTestcases -->
